<?xml version="1.0" encoding="UTF-8"?>
<testsuites name="jest tests" tests="27" failures="0" errors="0" time="1.17">
  <testsuite name="Google Login Handler" errors="0" failures="0" skipped="0" timestamp="2025-05-13T09:43:50" time="0.698" tests="6">
    <testcase classname="__tests__/integration/auth/googleLogin.test.js" name="Google Login Handler &gt; 正常なGoogleログイン処理の実行" time="0.01">
    </testcase>
    <testcase classname="__tests__/integration/auth/googleLogin.test.js" name="Google Login Handler &gt; 認証コードなしでの呼び出し" time="0">
    </testcase>
    <testcase classname="__tests__/integration/auth/googleLogin.test.js" name="Google Login Handler &gt; 認証コード交換エラー時の処理" time="0.006">
    </testcase>
    <testcase classname="__tests__/integration/auth/googleLogin.test.js" name="Google Login Handler &gt; IDトークン検証エラー時の処理" time="0.001">
    </testcase>
    <testcase classname="__tests__/integration/auth/googleLogin.test.js" name="Google Login Handler &gt; セッション作成エラー時の処理" time="0.001">
    </testcase>
    <testcase classname="__tests__/integration/auth/googleLogin.test.js" name="Google Login Handler &gt; 完全な認証フロー（ログイン→セッション確認→ログアウト）" time="0.001">
    </testcase>
  </testsuite>
  <testsuite name="Portfolio Market Data API E2Eテスト" errors="0" failures="0" skipped="0" timestamp="2025-05-13T09:43:51" time="0.43" tests="9">
    <testcase classname="__tests__/e2e/API_test.js" name="Portfolio Market Data API E2Eテスト &gt; マーケットデータAPI &gt; 米国株データ取得" time="0.004">
    </testcase>
    <testcase classname="__tests__/e2e/API_test.js" name="Portfolio Market Data API E2Eテスト &gt; マーケットデータAPI &gt; 日本株データ取得" time="0.003">
    </testcase>
    <testcase classname="__tests__/e2e/API_test.js" name="Portfolio Market Data API E2Eテスト &gt; マーケットデータAPI &gt; 投資信託データ取得" time="0.004">
    </testcase>
    <testcase classname="__tests__/e2e/API_test.js" name="Portfolio Market Data API E2Eテスト &gt; マーケットデータAPI &gt; 為替レートデータ取得" time="0.003">
    </testcase>
    <testcase classname="__tests__/e2e/API_test.js" name="Portfolio Market Data API E2Eテスト &gt; マーケットデータAPI &gt; 無効なパラメータでのエラーハンドリング" time="0.005">
    </testcase>
    <testcase classname="__tests__/e2e/API_test.js" name="Portfolio Market Data API E2Eテスト &gt; 認証API &gt; 認証フロー: ログイン、セッション取得、ログアウト" time="0.016">
    </testcase>
    <testcase classname="__tests__/e2e/API_test.js" name="Portfolio Market Data API E2Eテスト &gt; Google Drive API &gt; ポートフォリオデータの保存と読み込み" time="0.012">
    </testcase>
    <testcase classname="__tests__/e2e/API_test.js" name="Portfolio Market Data API E2Eテスト &gt; Google Drive API &gt; 認証なしでのアクセス拒否" time="0.009">
    </testcase>
    <testcase classname="__tests__/e2e/API_test.js" name="Portfolio Market Data API E2Eテスト &gt; API基本機能 &gt; ヘルスチェックエンドポイント" time="0.003">
    </testcase>
  </testsuite>
  <testsuite name="responseUtils" errors="0" failures="0" skipped="0" timestamp="2025-05-13T09:43:51" time="0.018" tests="12">
    <testcase classname="__tests__/unit/utils/responseUtils.test.js" name="responseUtils &gt; formatResponse &gt; デフォルトパラメータでの正常レスポンス" time="0">
    </testcase>
    <testcase classname="__tests__/unit/utils/responseUtils.test.js" name="responseUtils &gt; formatResponse &gt; カスタムステータスコードとヘッダーでの正常レスポンス" time="0.001">
    </testcase>
    <testcase classname="__tests__/unit/utils/responseUtils.test.js" name="responseUtils &gt; formatResponse &gt; 予算警告スキップオプション" time="0">
    </testcase>
    <testcase classname="__tests__/unit/utils/responseUtils.test.js" name="responseUtils &gt; formatErrorResponse &gt; デフォルトパラメータでのエラーレスポンス" time="0">
    </testcase>
    <testcase classname="__tests__/unit/utils/responseUtils.test.js" name="responseUtils &gt; formatErrorResponse &gt; 詳細エラー情報を含むエラーレスポンス（開発環境用）" time="0">
    </testcase>
    <testcase classname="__tests__/unit/utils/responseUtils.test.js" name="responseUtils &gt; formatErrorResponse &gt; 使用量情報を含むエラーレスポンス" time="0">
    </testcase>
    <testcase classname="__tests__/unit/utils/responseUtils.test.js" name="responseUtils &gt; formatRedirectResponse &gt; デフォルトの一時的リダイレクト" time="0.001">
    </testcase>
    <testcase classname="__tests__/unit/utils/responseUtils.test.js" name="responseUtils &gt; formatRedirectResponse &gt; 恒久的リダイレクト" time="0">
    </testcase>
    <testcase classname="__tests__/unit/utils/responseUtils.test.js" name="responseUtils &gt; formatOptionsResponse &gt; デフォルトのOPTIONSレスポンス" time="0">
    </testcase>
    <testcase classname="__tests__/unit/utils/responseUtils.test.js" name="responseUtils &gt; formatOptionsResponse &gt; カスタムヘッダー付きのOPTIONSレスポンス" time="0">
    </testcase>
    <testcase classname="__tests__/unit/utils/responseUtils.test.js" name="responseUtils &gt; handleOptions &gt; OPTIONSメソッドの処理" time="0">
    </testcase>
    <testcase classname="__tests__/unit/utils/responseUtils.test.js" name="responseUtils &gt; handleOptions &gt; OPTIONSメソッド以外の処理" time="0">
    </testcase>
  </testsuite>
</testsuites>